<?xml version="1.0" encoding="UTF-8"?>
<!-- Generated by org.testng.reporters.JUnitReportReporter -->
<testsuite skipped="0" hostname="PunitRanjan2105" name="com.vtigerScripts.BookHotelGoibiboTest" tests="1" failures="0" timestamp="2022-03-26T10:48:40 IST" time="34.471" errors="0">
  <testcase name="ibibo" time="34.471" classname="com.vtigerScripts.BookHotelGoibiboTest"/>
  <system-out/>
</testsuite> <!-- com.vtigerScripts.BookHotelGoibiboTest -->
